<?xml version="1.0" encoding="UTF-8"?>
<!-- Generated by org.testng.reporters.JUnitReportReporter -->
<testsuite hostname="Estefanias-MBP" failures="0" tests="1" name="myTests.TestWrongSignIn" time="12.170" errors="0" timestamp="2020-07-31T22:17:39 ART" skipped="0">
  <testcase classname="myTests.TestWrongSignIn" name="signInWithWrongCredentials" time="12.170"/>
  <system-out/>
</testsuite> <!-- myTests.TestWrongSignIn -->
